<?xml version="1.0" encoding="UTF-8"?>
<testsuite name="guru.springframework.sfgpetclinic.services.map.OwnerMapServiceTest" tests="8" skipped="0" failures="0" errors="0" timestamp="2021-03-19T16:55:48" hostname="LETTO-T430" time="0.105">
  <properties/>
  <testcase name="saveNoId()" classname="guru.springframework.sfgpetclinic.services.map.OwnerMapServiceTest" time="0.047"/>
  <testcase name="findByLastNameNotFound()" classname="guru.springframework.sfgpetclinic.services.map.OwnerMapServiceTest" time="0.006"/>
  <testcase name="saveExistingId()" classname="guru.springframework.sfgpetclinic.services.map.OwnerMapServiceTest" time="0.009"/>
  <testcase name="delete()" classname="guru.springframework.sfgpetclinic.services.map.OwnerMapServiceTest" time="0.004"/>
  <testcase name="findAll()" classname="guru.springframework.sfgpetclinic.services.map.OwnerMapServiceTest" time="0.003"/>
  <testcase name="findById()" classname="guru.springframework.sfgpetclinic.services.map.OwnerMapServiceTest" time="0.004"/>
  <testcase name="findByLastName()" classname="guru.springframework.sfgpetclinic.services.map.OwnerMapServiceTest" time="0.016"/>
  <testcase name="deleteById()" classname="guru.springframework.sfgpetclinic.services.map.OwnerMapServiceTest" time="0.001"/>
  <system-out><![CDATA[]]></system-out>
  <system-err><![CDATA[]]></system-err>
</testsuite>
